<?xml version="1.0" encoding="UTF-8"?>
<!-- Generated by org.testng.reporters.JUnitXMLReporter -->
<testsuite hostname="RSLPTP1013" ignored="0" name="Test" tests="4" failures="0" timestamp="16 Dec 2019 19:31:34 GMT" time="0.043" errors="0">
  <testcase name="sub" time="0.008" classname="org.qa.demo.DemoTest"/>
  <testcase name="sum" time="0.0" classname="org.qa.demo.DemoTest"/>
  <testcase name="div" time="0.0" classname="org.qa.demo.DemoTest1"/>
  <testcase name="multi" time="0.0" classname="org.qa.demo.DemoTest1"/>
</testsuite> <!-- Test -->
