<?xml version="1.0" encoding="UTF-8"?>
<testng-results skipped="0" failed="0" ignored="0" total="4" passed="4">
  <reporter-output>
  </reporter-output>
  <suite name="Suite" duration-ms="43" started-at="2019-12-16T19:31:33Z" finished-at="2019-12-16T19:31:33Z">
    <groups>
    </groups>
    <test name="Test" duration-ms="43" started-at="2019-12-16T19:31:33Z" finished-at="2019-12-16T19:31:33Z">
      <class name="org.qa.demo.DemoTest1">
        <test-method status="PASS" signature="div()[pri:0, instance:org.qa.demo.DemoTest1@4de8b406]" name="div" duration-ms="0" started-at="2019-12-16T19:31:33Z" finished-at="2019-12-16T19:31:33Z">
          <reporter-output>
          </reporter-output>
        </test-method> <!-- div -->
        <test-method status="PASS" signature="multi()[pri:0, instance:org.qa.demo.DemoTest1@4de8b406]" name="multi" duration-ms="0" started-at="2019-12-16T19:31:33Z" finished-at="2019-12-16T19:31:33Z">
          <reporter-output>
          </reporter-output>
        </test-method> <!-- multi -->
      </class> <!-- org.qa.demo.DemoTest1 -->
      <class name="org.qa.demo.DemoTest">
        <test-method status="PASS" signature="sub()[pri:0, instance:org.qa.demo.DemoTest@6a2bcfcb]" name="sub" duration-ms="8" started-at="2019-12-16T19:31:33Z" finished-at="2019-12-16T19:31:33Z">
          <reporter-output>
          </reporter-output>
        </test-method> <!-- sub -->
        <test-method status="PASS" signature="sum()[pri:0, instance:org.qa.demo.DemoTest@6a2bcfcb]" name="sum" duration-ms="0" started-at="2019-12-16T19:31:33Z" finished-at="2019-12-16T19:31:33Z">
          <reporter-output>
          </reporter-output>
        </test-method> <!-- sum -->
      </class> <!-- org.qa.demo.DemoTest -->
    </test> <!-- Test -->
  </suite> <!-- Suite -->
</testng-results>
