<?xml version="1.0" encoding="UTF-8"?>
<testng-results skipped="0" failed="0" ignored="0" total="1" passed="1">
  <reporter-output>
  </reporter-output>
  <suite name="Suite" duration-ms="29397" started-at="2020-04-20T07:01:11Z" finished-at="2020-04-20T07:01:40Z">
    <groups>
    </groups>
    <test name="Test" duration-ms="29397" started-at="2020-04-20T07:01:11Z" finished-at="2020-04-20T07:01:40Z">
      <class name="org.qa.seleniumDemo.GoogleSearch">
        <test-method status="PASS" signature="demo1()[pri:0, instance:org.qa.seleniumDemo.GoogleSearch@4520ebad]" name="demo1" duration-ms="29363" started-at="2020-04-20T07:01:11Z" finished-at="2020-04-20T07:01:40Z">
          <reporter-output>
          </reporter-output>
        </test-method> <!-- demo1 -->
      </class> <!-- org.qa.seleniumDemo.GoogleSearch -->
    </test> <!-- Test -->
  </suite> <!-- Suite -->
</testng-results>
