<?xml version="1.0" encoding="UTF-8"?>
<testng-results skipped="0" failed="0" ignored="0" total="1" passed="1">
  <reporter-output>
  </reporter-output>
  <suite name="Suite" duration-ms="17116" started-at="2019-12-18T11:44:13Z" finished-at="2019-12-18T11:44:30Z">
    <groups>
    </groups>
    <test name="Test" duration-ms="17116" started-at="2019-12-18T11:44:13Z" finished-at="2019-12-18T11:44:30Z">
      <class name="org.qa.seleniumDemo.GoogleSearch">
        <test-method status="PASS" signature="demo1()[pri:0, instance:org.qa.seleniumDemo.GoogleSearch@7e0b0338]" name="demo1" duration-ms="17086" started-at="2019-12-18T11:44:13Z" finished-at="2019-12-18T11:44:30Z">
          <reporter-output>
          </reporter-output>
        </test-method> <!-- demo1 -->
      </class> <!-- org.qa.seleniumDemo.GoogleSearch -->
    </test> <!-- Test -->
  </suite> <!-- Suite -->
</testng-results>
